<?xml version="1.0" encoding="UTF-8"?>
<testsuite xmlns:xsi="http://www.w3.org/2001/XMLSchema-instance" xsi:noNamespaceSchemaLocation="https://maven.apache.org/surefire/maven-surefire-plugin/xsd/surefire-test-report.xsd" name="com.xzy.bookstore.AppTest" time="0.057" tests="1" errors="0" skipped="0" failures="0">
  <properties>
    <property name="sun.desktop" value="windows"/>
    <property name="awt.toolkit" value="sun.awt.windows.WToolkit"/>
    <property name="file.encoding.pkg" value="sun.io"/>
    <property name="java.specification.version" value="1.8"/>
    <property name="sun.cpu.isalist" value="amd64"/>
    <property name="sun.jnu.encoding" value="GBK"/>
    <property name="java.class.path" value="E:\bookstore-simple\bookstore_parrent\bookstore_common\target\test-classes;E:\bookstore-simple\bookstore_parrent\bookstore_common\target\classes;D:\repository\joda-time\joda-time\2.5\joda-time-2.5.jar;D:\repository\org\apache\commons\commons-lang3\3.3.2\commons-lang3-3.3.2.jar;D:\repository\commons-io\commons-io\1.3.2\commons-io-1.3.2.jar;D:\repository\commons-net\commons-net\3.3\commons-net-3.3.jar;D:\repository\com\fasterxml\jackson\core\jackson-databind\2.5.4\jackson-databind-2.5.4.jar;D:\repository\com\fasterxml\jackson\core\jackson-annotations\2.5.0\jackson-annotations-2.5.0.jar;D:\repository\com\fasterxml\jackson\core\jackson-core\2.5.4\jackson-core-2.5.4.jar;D:\repository\org\apache\httpcomponents\httpclient\4.3.5\httpclient-4.3.5.jar;D:\repository\org\apache\httpcomponents\httpcore\4.3.2\httpcore-4.3.2.jar;D:\repository\commons-logging\commons-logging\1.1.3\commons-logging-1.1.3.jar;D:\repository\commons-codec\commons-codec\1.6\commons-codec-1.6.jar;D:\repository\org\quartz-scheduler\quartz\2.2.2\quartz-2.2.2.jar;D:\repository\c3p0\c3p0\0.9.1.1\c3p0-0.9.1.1.jar;D:\repository\org\slf4j\slf4j-api\1.7.7\slf4j-api-1.7.7.jar;D:\repository\junit\junit\4.12\junit-4.12.jar;D:\repository\org\hamcrest\hamcrest-core\1.3\hamcrest-core-1.3.jar;D:\repository\org\slf4j\slf4j-log4j12\1.6.4\slf4j-log4j12-1.6.4.jar;D:\repository\log4j\log4j\1.2.16\log4j-1.2.16.jar;"/>
    <property name="java.vm.vendor" value="Oracle Corporation"/>
    <property name="sun.arch.data.model" value="64"/>
    <property name="user.variant" value=""/>
    <property name="java.vendor.url" value="http://java.oracle.com/"/>
    <property name="user.timezone" value="Asia/Shanghai"/>
    <property name="java.vm.specification.version" value="1.8"/>
    <property name="os.name" value="Windows 10"/>
    <property name="user.country" value="CN"/>
    <property name="sun.java.launcher" value="SUN_STANDARD"/>
    <property name="sun.boot.library.path" value="C:\Program Files\Java\jdk1.8.0_101\jre\bin"/>
    <property name="sun.java.command" value="C:\Users\ADMINI~1\AppData\Local\Temp\surefire3500727145329496655\surefirebooter7143564808854089384.jar C:\Users\Administrator\AppData\Local\Temp\surefire3500727145329496655 2019-01-30T17-03-32_115-jvmRun1 surefire7054213454975301901tmp surefire_02242238327839885871tmp"/>
    <property name="surefire.test.class.path" value="E:\bookstore-simple\bookstore_parrent\bookstore_common\target\test-classes;E:\bookstore-simple\bookstore_parrent\bookstore_common\target\classes;D:\repository\joda-time\joda-time\2.5\joda-time-2.5.jar;D:\repository\org\apache\commons\commons-lang3\3.3.2\commons-lang3-3.3.2.jar;D:\repository\commons-io\commons-io\1.3.2\commons-io-1.3.2.jar;D:\repository\commons-net\commons-net\3.3\commons-net-3.3.jar;D:\repository\com\fasterxml\jackson\core\jackson-databind\2.5.4\jackson-databind-2.5.4.jar;D:\repository\com\fasterxml\jackson\core\jackson-annotations\2.5.0\jackson-annotations-2.5.0.jar;D:\repository\com\fasterxml\jackson\core\jackson-core\2.5.4\jackson-core-2.5.4.jar;D:\repository\org\apache\httpcomponents\httpclient\4.3.5\httpclient-4.3.5.jar;D:\repository\org\apache\httpcomponents\httpcore\4.3.2\httpcore-4.3.2.jar;D:\repository\commons-logging\commons-logging\1.1.3\commons-logging-1.1.3.jar;D:\repository\commons-codec\commons-codec\1.6\commons-codec-1.6.jar;D:\repository\org\quartz-scheduler\quartz\2.2.2\quartz-2.2.2.jar;D:\repository\c3p0\c3p0\0.9.1.1\c3p0-0.9.1.1.jar;D:\repository\org\slf4j\slf4j-api\1.7.7\slf4j-api-1.7.7.jar;D:\repository\junit\junit\4.12\junit-4.12.jar;D:\repository\org\hamcrest\hamcrest-core\1.3\hamcrest-core-1.3.jar;D:\repository\org\slf4j\slf4j-log4j12\1.6.4\slf4j-log4j12-1.6.4.jar;D:\repository\log4j\log4j\1.2.16\log4j-1.2.16.jar;"/>
    <property name="sun.cpu.endian" value="little"/>
    <property name="user.home" value="C:\Users\Administrator"/>
    <property name="user.language" value="zh"/>
    <property name="java.specification.vendor" value="Oracle Corporation"/>
    <property name="java.home" value="C:\Program Files\Java\jdk1.8.0_101\jre"/>
    <property name="basedir" value="E:\bookstore-simple\bookstore_parrent\bookstore_common"/>
    <property name="file.separator" value="\"/>
    <property name="line.separator" value="&#10;"/>
    <property name="java.vm.specification.vendor" value="Oracle Corporation"/>
    <property name="java.specification.name" value="Java Platform API Specification"/>
    <property name="java.awt.graphicsenv" value="sun.awt.Win32GraphicsEnvironment"/>
    <property name="surefire.real.class.path" value="C:\Users\ADMINI~1\AppData\Local\Temp\surefire3500727145329496655\surefirebooter7143564808854089384.jar"/>
    <property name="sun.boot.class.path" value="C:\Program Files\Java\jdk1.8.0_101\jre\lib\resources.jar;C:\Program Files\Java\jdk1.8.0_101\jre\lib\rt.jar;C:\Program Files\Java\jdk1.8.0_101\jre\lib\sunrsasign.jar;C:\Program Files\Java\jdk1.8.0_101\jre\lib\jsse.jar;C:\Program Files\Java\jdk1.8.0_101\jre\lib\jce.jar;C:\Program Files\Java\jdk1.8.0_101\jre\lib\charsets.jar;C:\Program Files\Java\jdk1.8.0_101\jre\lib\jfr.jar;C:\Program Files\Java\jdk1.8.0_101\jre\classes"/>
    <property name="user.script" value=""/>
    <property name="sun.management.compiler" value="HotSpot 64-Bit Tiered Compilers"/>
    <property name="java.runtime.version" value="1.8.0_101-b13"/>
    <property name="user.name" value="Administrator"/>
    <property name="path.separator" value=";"/>
    <property name="os.version" value="10.0"/>
    <property name="java.endorsed.dirs" value="C:\Program Files\Java\jdk1.8.0_101\jre\lib\endorsed"/>
    <property name="java.runtime.name" value="Java(TM) SE Runtime Environment"/>
    <property name="file.encoding" value="GBK"/>
    <property name="java.vm.name" value="Java HotSpot(TM) 64-Bit Server VM"/>
    <property name="localRepository" value="D:\repository"/>
    <property name="java.vendor.url.bug" value="http://bugreport.sun.com/bugreport/"/>
    <property name="java.io.tmpdir" value="C:\Users\ADMINI~1\AppData\Local\Temp\"/>
    <property name="idea.version" value="2018.2.4"/>
    <property name="java.version" value="1.8.0_101"/>
    <property name="user.dir" value="E:\bookstore-simple\bookstore_parrent\bookstore_common"/>
    <property name="os.arch" value="amd64"/>
    <property name="java.vm.specification.name" value="Java Virtual Machine Specification"/>
    <property name="java.awt.printerjob" value="sun.awt.windows.WPrinterJob"/>
    <property name="sun.os.patch.level" value=""/>
    <property name="java.library.path" value="C:\Program Files\Java\jdk1.8.0_101\jre\bin;C:\WINDOWS\Sun\Java\bin;C:\WINDOWS\system32;C:\WINDOWS;C:\ProgramData\Oracle\Java\javapath;C:\Program Files\Java\jdk1.8.0_101\bin;C:\WINDOWS\system32;C:\WINDOWS;C:\WINDOWS\System32\Wbem;C:\WINDOWS\System32\WindowsPowerShell\v1.0\;D:\Program Files (x86)\Tencent\QQ\Bin;F:\WeChat;C:\WINDOWS\System32\OpenSSH\;H:\C,Java，前端\宝宝\PBB Reader\x64;H:\C;Java，前端\潭州\demo\webstorm2018.1\WebStorm-2018\WebStorm-2018.1\bin;D:\M;SQL\bin;G:\C语言\Dev-Cpp\MinGW64\bin;%;RE_HOME%\bin;G:\JAVA文件\啊\jdbc\mysql-connector-java-5.1.20;C:;Program Files\Java\jdk1.8.0_101\bin;H:\git\Git\cmd;Program Files\Java\jdk1.8.0_101\bin\;D:\maven\apache-maven-3.3.9-bin\apache-maven-3.3.9\bin;D:\maven\apache-maven-3.3.9-bin\apache-maven-3.3.9\bin;D:\MYSQL\bin;%USERPROFILE%\AppData\Local\Microsoft\WindowsApps;;D:\modelsim\modele\win64;."/>
    <property name="java.vm.info" value="mixed mode"/>
    <property name="java.vendor" value="Oracle Corporation"/>
    <property name="java.vm.version" value="25.101-b13"/>
    <property name="java.ext.dirs" value="C:\Program Files\Java\jdk1.8.0_101\jre\lib\ext;C:\WINDOWS\Sun\Java\lib\ext"/>
    <property name="sun.io.unicode.encoding" value="UnicodeLittle"/>
    <property name="java.class.version" value="52.0"/>
  </properties>
  <testcase name="shouldAnswerWithTrue" classname="com.xzy.bookstore.AppTest" time="0.008"/>
</testsuite>